[    0.000000] Linux version 4.15.0-124-generic (buildd@lgw01-amd64-029) (gcc version 7.5.0 (Ubuntu 7.5.0-3ubuntu1~18.04)) #127-Ubuntu SMP Fri Nov 6 10:54:43 UTC 2020 (Ubuntu 4.15.0-124.127-generic 4.15.18)
[    0.000000] Command line: BOOT_IMAGE=/boot/vmlinuz-4.15.0-124-generic root=LABEL=cloudimg-rootfs ro console=tty1 console=ttyS0
[    0.000000] KERNEL supported cpus:
[    0.000000]   Intel GenuineIntel
[    0.000000]   AMD AuthenticAMD
[    0.000000]   Centaur CentaurHauls
[    0.000000] x86/fpu: Supporting XSAVE feature 0x001: 'x87 floating point registers'
[    0.000000] x86/fpu: Supporting XSAVE feature 0x002: 'SSE registers'
[    0.000000] x86/fpu: Supporting XSAVE feature 0x004: 'AVX registers'
[    0.000000] x86/fpu: xstate_offset[2]:  576, xstate_sizes[2]:  256
[    0.000000] x86/fpu: Enabled xstate features 0x7, context size is 832 bytes, using 'standard' format.
[    0.000000] e820: BIOS-provided physical RAM map:
[    0.000000] BIOS-e820: [mem 0x0000000000000000-0x000000000009fbff] usable
[    0.000000] BIOS-e820: [mem 0x000000000009fc00-0x000000000009ffff] reserved
[    0.000000] BIOS-e820: [mem 0x00000000000f0000-0x00000000000fffff] reserved
[    0.000000] BIOS-e820: [mem 0x0000000000100000-0x000000003ffeffff] usable
[    0.000000] BIOS-e820: [mem 0x000000003fff0000-0x000000003fffffff] ACPI data
[    0.000000] BIOS-e820: [mem 0x00000000fec00000-0x00000000fec00fff] reserved
[    0.000000] BIOS-e820: [mem 0x00000000fee00000-0x00000000fee00fff] reserved
[    0.000000] BIOS-e820: [mem 0x00000000fffc0000-0x00000000ffffffff] reserved
[    0.000000] NX (Execute Disable) protection: active
[    0.000000] SMBIOS 2.5 present.
[    0.000000] DMI: innotek GmbH VirtualBox/VirtualBox, BIOS VirtualBox 12/01/2006
[    0.000000] Hypervisor detected: KVM
[    0.000000] e820: last_pfn = 0x3fff0 max_arch_pfn = 0x400000000
[    0.000000] MTRR: Disabled
[    0.000000] x86/PAT: MTRRs disabled, skipping PAT initialization too.
[    0.000000] CPU MTRRs all blank - virtualized system.
[    0.000000] x86/PAT: Configuration [0-7]: WB  WT  UC- UC  WB  WT  UC- UC  
[    0.000000] found SMP MP-table at [mem 0x0009fff0-0x0009ffff]
[    0.000000] Scanning 1 areas for low memory corruption
[    0.000000] RAMDISK: [mem 0x35a65000-0x36d29fff]
[    0.000000] ACPI: Early table checksum verification disabled
[    0.000000] ACPI: RSDP 0x00000000000E0000 000024 (v02 VBOX  )
[    0.000000] ACPI: XSDT 0x000000003FFF0030 00003C (v01 VBOX   VBOXXSDT 00000001 ASL  00000061)
[    0.000000] ACPI: FACP 0x000000003FFF00F0 0000F4 (v04 VBOX   VBOXFACP 00000001 ASL  00000061)
[    0.000000] ACPI: DSDT 0x000000003FFF0470 002325 (v02 VBOX   VBOXBIOS 00000002 INTL 20120111)
[    0.000000] ACPI: FACS 0x000000003FFF0200 000040
[    0.000000] ACPI: FACS 0x000000003FFF0200 000040
[    0.000000] ACPI: APIC 0x000000003FFF0240 00005C (v02 VBOX   VBOXAPIC 00000001 ASL  00000061)
[    0.000000] ACPI: SSDT 0x000000003FFF02A0 0001CC (v01 VBOX   VBOXCPUT 00000002 INTL 20120111)
[    0.000000] No NUMA configuration found
[    0.000000] Faking a node at [mem 0x0000000000000000-0x000000003ffeffff]
[    0.000000] NODE_DATA(0) allocated [mem 0x3ffc5000-0x3ffeffff]
[    0.000000] kvm-clock: cpu 0, msr 0:3ff44001, primary cpu clock
[    0.000000] kvm-clock: Using msrs 4b564d01 and 4b564d00
[    0.000000] kvm-clock: using sched offset of 4466749957 cycles
[    0.000000] clocksource: kvm-clock: mask: 0xffffffffffffffff max_cycles: 0x1cd42e4dffb, max_idle_ns: 881590591483 ns
[    0.000000] Zone ranges:
[    0.000000]   DMA      [mem 0x0000000000001000-0x0000000000ffffff]
[    0.000000]   DMA32    [mem 0x0000000001000000-0x000000003ffeffff]
[    0.000000]   Normal   empty
[    0.000000]   Device   empty
[    0.000000] Movable zone start for each node
[    0.000000] Early memory node ranges
[    0.000000]   node   0: [mem 0x0000000000001000-0x000000000009efff]
[    0.000000]   node   0: [mem 0x0000000000100000-0x000000003ffeffff]
[    0.000000] Reserved but unavailable: 98 pages
[    0.000000] Initmem setup node 0 [mem 0x0000000000001000-0x000000003ffeffff]
[    0.000000] ACPI: PM-Timer IO Port: 0x4008
[    0.000000] IOAPIC[0]: apic_id 2, version 32, address 0xfec00000, GSI 0-23
[    0.000000] ACPI: INT_SRC_OVR (bus 0 bus_irq 0 global_irq 2 dfl dfl)
[    0.000000] ACPI: INT_SRC_OVR (bus 0 bus_irq 9 global_irq 9 low level)
[    0.000000] Using ACPI (MADT) for SMP configuration information
[    0.000000] smpboot: Allowing 2 CPUs, 0 hotplug CPUs
[    0.000000] PM: Registered nosave memory: [mem 0x00000000-0x00000fff]
[    0.000000] PM: Registered nosave memory: [mem 0x0009f000-0x0009ffff]
[    0.000000] PM: Registered nosave memory: [mem 0x000a0000-0x000effff]
[    0.000000] PM: Registered nosave memory: [mem 0x000f0000-0x000fffff]
[    0.000000] e820: [mem 0x40000000-0xfebfffff] available for PCI devices
[    0.000000] Booting paravirtualized kernel on KVM
[    0.000000] clocksource: refined-jiffies: mask: 0xffffffff max_cycles: 0xffffffff, max_idle_ns: 7645519600211568 ns
[    0.000000] random: get_random_bytes called from start_kernel+0x99/0x500 with crng_init=0
[    0.000000] setup_percpu: NR_CPUS:8192 nr_cpumask_bits:2 nr_cpu_ids:2 nr_node_ids:1
[    0.000000] percpu: Embedded 45 pages/cpu s147456 r8192 d28672 u1048576
[    0.000000] PV qspinlock hash table entries: 256 (order: 0, 4096 bytes)
[    0.000000] Built 1 zonelists, mobility grouping on.  Total pages: 257913
[    0.000000] Policy zone: DMA32
[    0.000000] Kernel command line: BOOT_IMAGE=/boot/vmlinuz-4.15.0-124-generic root=LABEL=cloudimg-rootfs ro console=tty1 console=ttyS0
[    0.000000] Memory: 983028K/1048120K available (12300K kernel code, 2482K rwdata, 4272K rodata, 2436K init, 2724K bss, 65092K reserved, 0K cma-reserved)
[    0.000000] SLUB: HWalign=64, Order=0-3, MinObjects=0, CPUs=2, Nodes=1
[    0.000000] Kernel/User page tables isolation: enabled
[    0.000000] ftrace: allocating 39402 entries in 154 pages
[    0.004000] Hierarchical RCU implementation.
[    0.004000] 	RCU restricting CPUs from NR_CPUS=8192 to nr_cpu_ids=2.
[    0.004000] 	Tasks RCU enabled.
[    0.004000] RCU: Adjusting geometry for rcu_fanout_leaf=16, nr_cpu_ids=2
[    0.004000] NR_IRQS: 524544, nr_irqs: 440, preallocated irqs: 16
[    0.004000] Console: colour VGA+ 80x25
[    0.004000] console [tty1] enabled
[    0.004000] console [ttyS0] enabled
[    0.004000] ACPI: Core revision 20170831
[    0.004000] ACPI: 2 ACPI AML tables successfully acquired and loaded
[    0.004000] APIC: Switch to symmetric I/O mode setup
[    0.004000] x2apic enabled
[    0.004000] Switched APIC routing to physical x2apic.
[    0.004000] ..TIMER: vector=0x30 apic1=0 pin1=2 apic2=-1 pin2=-1
[    0.004007] tsc: Detected 2899.998 MHz processor
[    0.008013] Calibrating delay loop (skipped) preset value.. 5799.99 BogoMIPS (lpj=11599992)
[    0.010595] pid_max: default: 32768 minimum: 301
[    0.012052] Security Framework initialized
[    0.013351] Yama: becoming mindful.
[    0.016051] AppArmor: AppArmor initialized
[    0.019111] Dentry cache hash table entries: 131072 (order: 8, 1048576 bytes)
[    0.020102] Inode-cache hash table entries: 65536 (order: 7, 524288 bytes)
[    0.024032] Mount-cache hash table entries: 2048 (order: 2, 16384 bytes)
[    0.028104] Mountpoint-cache hash table entries: 2048 (order: 2, 16384 bytes)
[    0.032165] Last level iTLB entries: 4KB 64, 2MB 8, 4MB 8
[    0.034292] Last level dTLB entries: 4KB 64, 2MB 0, 4MB 0, 1GB 4
[    0.036010] Spectre V1 : Mitigation: usercopy/swapgs barriers and __user pointer sanitization
[    0.040007] Spectre V2 : Mitigation: Full generic retpoline
[    0.044006] Spectre V2 : Spectre v2 / SpectreRSB mitigation: Filling RSB on context switch
[    0.048006] Speculative Store Bypass: Vulnerable
[    0.050192] SRBDS: Unknown: Dependent on hypervisor status
[    0.052007] MDS: Mitigation: Clear CPU buffers
[    0.056310] Freeing SMP alternatives memory: 36K
[    0.170555] smpboot: CPU0: Intel(R) Core(TM) i5-5287U CPU @ 2.90GHz (family: 0x6, model: 0x3d, stepping: 0x4)
[    0.172000] Performance Events: unsupported p6 CPU model 61 no PMU driver, software events only.
[    0.172083] Hierarchical SRCU implementation.
[    0.173836] NMI watchdog: Perf event create on CPU 0 failed with -2
[    0.176004] NMI watchdog: Perf NMI watchdog permanently disabled
[    0.177672] smp: Bringing up secondary CPUs ...
[    0.178714] x86: Booting SMP configuration:
[    0.180003] .... node  #0, CPUs:      #1
[    0.004000] kvm-clock: cpu 1, msr 0:3ff44041, secondary cpu clock
[    0.186772] smp: Brought up 1 node, 2 CPUs
[    0.188009] smpboot: Max logical packages: 1
[    0.189140] smpboot: Total of 2 processors activated (11599.99 BogoMIPS)
[    0.190795] devtmpfs: initialized
[    0.190795] x86/mm: Memory block size: 128MB
[    0.192321] evm: security.selinux
[    0.194124] evm: security.SMACK64
[    0.196009] evm: security.SMACK64EXEC
[    0.196887] evm: security.SMACK64TRANSMUTE
[    0.198204] evm: security.SMACK64MMAP
[    0.199473] evm: security.apparmor
[    0.200007] evm: security.ima
[    0.200815] evm: security.capability
[    0.201872] clocksource: jiffies: mask: 0xffffffff max_cycles: 0xffffffff, max_idle_ns: 7645041785100000 ns
[    0.204026] futex hash table entries: 512 (order: 3, 32768 bytes)
[    0.209411] pinctrl core: initialized pinctrl subsystem
[    0.212313] RTC time: 18:57:11, date: 12/04/20
[    0.213715] NET: Registered protocol family 16
[    0.214920] audit: initializing netlink subsys (disabled)
[    0.216011] audit: type=2000 audit(1607108237.837:1): state=initialized audit_enabled=0 res=1
[    0.216182] cpuidle: using governor ladder
[    0.220008] cpuidle: using governor menu
[    0.220894] ACPI: bus type PCI registered
[    0.221805] acpiphp: ACPI Hot Plug PCI Controller Driver version: 0.5
[    0.224063] PCI: Using configuration type 1 for base access
[    0.225362] HugeTLB registered 2.00 MiB page size, pre-allocated 0 pages
[    0.228082] ACPI: Added _OSI(Module Device)
[    0.229113] ACPI: Added _OSI(Processor Device)
[    0.230210] ACPI: Added _OSI(3.0 _SCP Extensions)
[    0.231425] ACPI: Added _OSI(Processor Aggregator Device)
[    0.232009] ACPI: Added _OSI(Linux-Dell-Video)
[    0.233252] ACPI: Added _OSI(Linux-Lenovo-NV-HDMI-Audio)
[    0.235060] ACPI: Added _OSI(Linux-HPI-Hybrid-Graphics)
[    0.236413] ACPI: Executed 1 blocks of module-level executable AML code
[    0.245503] ACPI: Interpreter enabled
[    0.247490] ACPI: (supports S0 S5)
[    0.248013] ACPI: Using IOAPIC for interrupt routing
[    0.249941] PCI: Using host bridge windows from ACPI; if necessary, use "pci=nocrs" and report a bug
[    0.252246] ACPI: Enabled 2 GPEs in block 00 to 07
[    0.262793] ACPI: PCI Root Bridge [PCI0] (domain 0000 [bus 00-ff])
[    0.264034] acpi PNP0A03:00: _OSC: OS supports [ASPM ClockPM Segments MSI]
[    0.266000] acpi PNP0A03:00: _OSC: not requesting OS control; OS requires [ExtendedConfig ASPM ClockPM MSI]
[    0.268017] acpi PNP0A03:00: fail to add MMCONFIG information, can't access extended PCI configuration space under this bridge.
[    0.271005] PCI host bridge to bus 0000:00
[    0.272011] pci_bus 0000:00: root bus resource [io  0x0000-0x0cf7 window]
[    0.274947] pci_bus 0000:00: root bus resource [io  0x0d00-0xffff window]
[    0.276010] pci_bus 0000:00: root bus resource [mem 0x000a0000-0x000bffff window]
[    0.277744] pci_bus 0000:00: root bus resource [mem 0x40000000-0xfdffffff window]
[    0.280010] pci_bus 0000:00: root bus resource [bus 00-ff]
[    0.286493] pci 0000:00:01.1: legacy IDE quirk: reg 0x10: [io  0x01f0-0x01f7]
[    0.288008] pci 0000:00:01.1: legacy IDE quirk: reg 0x14: [io  0x03f6]
[    0.289659] pci 0000:00:01.1: legacy IDE quirk: reg 0x18: [io  0x0170-0x0177]
[    0.291794] pci 0000:00:01.1: legacy IDE quirk: reg 0x1c: [io  0x0376]
[    0.317695] pci 0000:00:07.0: quirk: [io  0x4000-0x403f] claimed by PIIX4 ACPI
[    0.319477] pci 0000:00:07.0: quirk: [io  0x4100-0x410f] claimed by PIIX4 SMB
[    0.330319] ACPI: PCI Interrupt Link [LNKA] (IRQs 5 9 10 *11)
[    0.332000] ACPI: PCI Interrupt Link [LNKB] (IRQs 5 9 *10 11)
[    0.332197] ACPI: PCI Interrupt Link [LNKC] (IRQs 5 *9 10 11)
[    0.333622] ACPI: PCI Interrupt Link [LNKD] (IRQs 5 9 10 *11)
[    0.336439] SCSI subsystem initialized
[    0.337300] pci 0000:00:02.0: vgaarb: setting as boot VGA device
[    0.337665] pci 0000:00:02.0: vgaarb: VGA device added: decodes=io+mem,owns=io+mem,locks=none
[    0.340015] pci 0000:00:02.0: vgaarb: bridge control possible
[    0.341485] vgaarb: loaded
[    0.344065] ACPI: bus type USB registered
[    0.345378] usbcore: registered new interface driver usbfs
[    0.346691] usbcore: registered new interface driver hub
[    0.348027] usbcore: registered new device driver usb
[    0.349260] EDAC MC: Ver: 3.0.0
[    0.349260] PCI: Using ACPI for IRQ routing
[    0.352357] NetLabel: Initializing
[    0.353619] NetLabel:  domain hash size = 128
[    0.354542] NetLabel:  protocols = UNLABELED CIPSOv4 CALIPSO
[    0.355771] NetLabel:  unlabeled traffic allowed by default
[    0.356093] clocksource: Switched to clocksource kvm-clock
[    0.371128] VFS: Disk quotas dquot_6.6.0
[    0.372300] VFS: Dquot-cache hash table entries: 512 (order 0, 4096 bytes)
[    0.373910] AppArmor: AppArmor Filesystem Enabled
[    0.374923] pnp: PnP ACPI init
[    0.377335] pnp: PnP ACPI: found 3 devices
[    0.387678] clocksource: acpi_pm: mask: 0xffffff max_cycles: 0xffffff, max_idle_ns: 2085701024 ns
[    0.390363] NET: Registered protocol family 2
[    0.392110] TCP established hash table entries: 8192 (order: 4, 65536 bytes)
[    0.393967] TCP bind hash table entries: 8192 (order: 5, 131072 bytes)
[    0.396012] TCP: Hash tables configured (established 8192 bind 8192)
[    0.398394] UDP hash table entries: 512 (order: 2, 16384 bytes)
[    0.399690] UDP-Lite hash table entries: 512 (order: 2, 16384 bytes)
[    0.401800] NET: Registered protocol family 1
[    0.403502] pci 0000:00:00.0: Limiting direct PCI/PCI transfers
[    0.404884] pci 0000:00:01.0: Activating ISA DMA hang workarounds
[    0.406287] pci 0000:00:02.0: Video device with shadowed ROM at [mem 0x000c0000-0x000dffff]
[    0.408401] Unpacking initramfs...
[    0.688292] Freeing initrd memory: 19220K
[    0.689747] clocksource: tsc: mask: 0xffffffffffffffff max_cycles: 0x29cd4133323, max_idle_ns: 440795296220 ns
[    0.693573] platform rtc_cmos: registered platform RTC device (no PNP device found)
[    0.695466] Scanning for low memory corruption every 60 seconds
[    0.697806] Initialise system trusted keyrings
[    0.698899] Key type blacklist registered
[    0.700205] workingset: timestamp_bits=36 max_order=18 bucket_order=0
[    0.702661] zbud: loaded
[    0.703939] squashfs: version 4.0 (2009/01/31) Phillip Lougher
[    0.705650] fuse init (API version 7.26)
[    0.708884] Key type asymmetric registered
[    0.709831] Asymmetric key parser 'x509' registered
[    0.710944] Block layer SCSI generic (bsg) driver version 0.4 loaded (major 246)
[    0.712726] io scheduler noop registered
[    0.713564] io scheduler deadline registered
[    0.714603] io scheduler cfq registered (default)
[    0.716460] ACPI: AC Adapter [AC] (on-line)
[    0.717427] input: Power Button as /devices/LNXSYSTM:00/LNXPWRBN:00/input/input0
[    0.719111] ACPI: Power Button [PWRF]
[    0.720202] input: Sleep Button as /devices/LNXSYSTM:00/LNXSLPBN:00/input/input1
[    0.722438] ACPI: Sleep Button [SLPF]
[    0.724260] Serial: 8250/16550 driver, 32 ports, IRQ sharing enabled
[    0.725057] ACPI: Battery Slot [BAT0] (battery present)
[    0.747860] 00:02: ttyS0 at I/O 0x3f8 (irq = 4, base_baud = 115200) is a 16550A
[    0.751783] Linux agpgart interface v0.103
[    0.753961] loop: module loaded
[    0.755572] scsi host0: ata_piix
[    0.756700] scsi host1: ata_piix
[    0.757491] ata1: PATA max UDMA/33 cmd 0x1f0 ctl 0x3f6 bmdma 0xd000 irq 14
[    0.758922] ata2: PATA max UDMA/33 cmd 0x170 ctl 0x376 bmdma 0xd008 irq 15
[    0.760767] libphy: Fixed MDIO Bus: probed
[    0.762083] tun: Universal TUN/TAP device driver, 1.6
[    0.763270] PPP generic driver version 2.4.2
[    0.764737] ehci_hcd: USB 2.0 'Enhanced' Host Controller (EHCI) Driver
[    0.767356] ehci-pci: EHCI PCI platform driver
[    0.768775] ehci-platform: EHCI generic platform driver
[    0.770310] ohci_hcd: USB 1.1 'Open' Host Controller (OHCI) Driver
[    0.772698] ohci-pci: OHCI PCI platform driver
[    0.774240] ohci-platform: OHCI generic platform driver
[    0.775478] uhci_hcd: USB Universal Host Controller Interface driver
[    0.776957] i8042: PNP: PS/2 Controller [PNP0303:PS2K,PNP0f03:PS2M] at 0x60,0x64 irq 1,12
[    0.779392] serio: i8042 KBD port at 0x60,0x64 irq 1
[    0.780583] serio: i8042 AUX port at 0x60,0x64 irq 12
[    0.782195] mousedev: PS/2 mouse device common for all mice
[    0.784028] input: AT Translated Set 2 keyboard as /devices/platform/i8042/serio0/input/input2
[    0.786954] rtc_cmos rtc_cmos: rtc core: registered rtc_cmos as rtc0
[    0.788613] rtc_cmos rtc_cmos: alarms up to one day, 114 bytes nvram
[    0.790140] i2c /dev entries driver
[    0.791524] device-mapper: uevent: version 1.0.3
[    0.792754] device-mapper: ioctl: 4.37.0-ioctl (2017-09-20) initialised: dm-devel@redhat.com
[    0.794536] ledtrig-cpu: registered to indicate activity on CPUs
[    0.796633] NET: Registered protocol family 10
[    0.803551] Segment Routing with IPv6
[    0.804545] NET: Registered protocol family 17
[    0.805773] Key type dns_resolver registered
[    0.807090] mce: Using 0 MCE banks
[    0.808068] RAS: Correctable Errors collector initialized.
[    0.809300] sched_clock: Marking stable (809268555, 0)->(1001086943, -191818388)
[    0.812482] registered taskstats version 1
[    0.813540] Loading compiled-in X.509 certificates
[    0.817300] Loaded X.509 cert 'Build time autogenerated kernel key: be62403dcace2d46f96dafa9f42421c610ef3c2a'
[    0.820014] zswap: loaded using pool lzo/zbud
[    0.826057] Key type big_key registered
[    0.827001] Key type trusted registered
[    0.829810] Key type encrypted registered
[    0.831058] AppArmor: AppArmor sha1 policy hashing enabled
[    0.832421] ima: No TPM chip found, activating TPM-bypass! (rc=-19)
[    0.833779] ima: Allocated hash algorithm: sha1
[    0.834789] evm: HMAC attrs: 0x1
[    0.835920]   Magic number: 0:689:998
[    0.837157] i8042 kbd 00:00: hash matches
[    0.838174] rtc_cmos rtc_cmos: setting system clock to 2020-12-04 18:57:12 UTC (1607108232)
[    0.840119] BIOS EDD facility v0.16 2004-Jun-25, 0 devices found
[    0.841725] EDD information not available.
[    0.994259] Freeing unused kernel image memory: 2436K
[    1.184249] Write protecting the kernel read-only data: 20480k
[    1.187850] Freeing unused kernel image memory: 2008K
[    1.190603] Freeing unused kernel image memory: 1872K
[    1.204111] x86/mm: Checked W+X mappings: passed, no W+X pages found.
[    1.205789] x86/mm: Checking user space page tables
[    1.215398] x86/mm: Checked W+X mappings: passed, no W+X pages found.
Loading, please wait...
starting version 237
[    1.290316] Fusion MPT base driver 3.04.20
[    1.292197] Copyright (c) 1999-2008 LSI Corporation
[    1.294780] e1000: Intel(R) PRO/1000 Network Driver - version 7.3.21-k8-NAPI
[    1.296633] e1000: Copyright (c) 1999-2006 Intel Corporation.
[    1.311808] AVX2 version of gcm_enc/dec engaged.
[    1.313939] AES CTR mode by8 optimization enabled
[    1.332812] Fusion MPT SPI Host driver 3.04.20
[    1.501489] input: ImExPS/2 Generic Explorer Mouse as /devices/platform/i8042/serio1/input/input4
[    1.783083] e1000 0000:00:03.0 eth0: (PCI:33MHz:32-bit) 02:1d:48:b0:d5:b9
[    1.784702] e1000 0000:00:03.0 eth0: Intel(R) PRO/1000 Network Connection
[    1.788067] e1000 0000:00:03.0 enp0s3: renamed from eth0
[    1.789620] mptbase: ioc0: Initiating bringup
[    2.333333] ioc0: LSI53C1030 A0: Capabilities={Initiator}
[    4.969799] scsi host2: ioc0: LSI53C1030 A0, FwRev=00000000h, Ports=1, MaxQ=256, IRQ=20
[    6.968416] scsi 2:0:0:0: Direct-Access     VBOX     HARDDISK         1.0  PQ: 0 ANSI: 5
[    7.004114] scsi target2:0:0: Beginning Domain Validation
[    7.008238] scsi target2:0:0: Domain Validation skipping write tests
[    7.009739] scsi target2:0:0: Ending Domain Validation
[    7.011118] scsi target2:0:0: asynchronous
[    7.012576] scsi 2:0:1:0: Direct-Access     VBOX     HARDDISK         1.0  PQ: 0 ANSI: 5
[    7.044530] scsi target2:0:1: Beginning Domain Validation
[    7.047918] random: fast init done
[    7.049948] scsi target2:0:1: Domain Validation skipping write tests
[    7.051504] scsi target2:0:1: Ending Domain Validation
[    7.052912] scsi target2:0:1: asynchronous
[    7.058378] random: systemd-udevd: uninitialized urandom read (16 bytes read)
[    7.060184] sd 2:0:0:0: Attached scsi generic sg0 type 0
[    7.060411] random: systemd-udevd: uninitialized urandom read (16 bytes read)
[    7.063537] sd 2:0:0:0: [sda] 20971520 512-byte logical blocks: (10.7 GB/10.0 GiB)
[    7.064190] random: systemd-udevd: uninitialized urandom read (16 bytes read)
[    7.065908] sd 2:0:0:0: [sda] Write Protect is off
[    7.069350] sd 2:0:1:0: Attached scsi generic sg1 type 0
[    7.069543] sd 2:0:0:0: [sda] Incomplete mode parameter data
[    7.072863] sd 2:0:0:0: [sda] Assuming drive cache: write through
[    7.074667] sd 2:0:1:0: [sdb] 20480 512-byte logical blocks: (10.5 MB/10.0 MiB)
[    7.077198] sd 2:0:1:0: [sdb] Write Protect is off
[    7.078795] sd 2:0:1:0: [sdb] Incomplete mode parameter data
[    7.079024]  sda: sda1
[    7.081289] sd 2:0:1:0: [sdb] Assuming drive cache: write through
[    7.085517] sd 2:0:0:0: [sda] Attached SCSI disk
[    7.088902] sd 2:0:1:0: [sdb] Attached SCSI disk
Begin: Loading essential drivers ... [    8.540039] raid6: sse2x1   gen()  9918 MB/s
[    8.588039] raid6: sse2x1   xor()  7091 MB/s
[    8.636232] raid6: sse2x2   gen() 12114 MB/s
[    8.684542] raid6: sse2x2   xor()  7580 MB/s
[    8.732129] raid6: sse2x4   gen() 13777 MB/s
[    8.780049] raid6: sse2x4   xor()  8618 MB/s
[    8.828232] raid6: avx2x1   gen() 18955 MB/s
[    8.876287] raid6: avx2x1   xor() 12670 MB/s
[    8.924236] raid6: avx2x2   gen() 12514 MB/s
[    8.972682] raid6: avx2x2   xor()  8680 MB/s
[    9.020597] raid6: avx2x4   gen() 25488 MB/s
[    9.068042] raid6: avx2x4   xor() 16398 MB/s
[    9.069721] raid6: using algorithm avx2x4 gen() 25488 MB/s
[    9.071524] raid6: .... xor() 16398 MB/s, rmw enabled
[    9.074166] raid6: using avx2x2 recovery algorithm
[    9.076864] xor: automatically using best checksumming function   avx       
[    9.080374] async_tx: api initialized (async)
done.
Begin: Running /scripts/init-premount ... done.
Begin: Mounting root file system ... Begin: Running /scripts/local-top ... done.
Begin: Running /scripts/local-premount ... [    9.133133] Btrfs loaded, crc32c=crc32c-intel
Scanning for Btrfs filesystems
done.
Warning: fsck not present, so skipping root file system
[    9.172161] EXT4-fs (sda1): INFO: recovery required on readonly filesystem
[    9.173882] EXT4-fs (sda1): write access will be enabled during recovery
[    9.201393] EXT4-fs (sda1): recovery complete
[    9.202897] EXT4-fs (sda1): mounted filesystem with ordered data mode. Opts: (null)
done.
Begin: Running /scripts/local-bottom ... done.
Begin: Running /scripts/init-bottom ... done.
[    9.386165] ip_tables: (C) 2000-2006 Netfilter Core Team
[    9.398443] systemd[1]: systemd 237 running in system mode. (+PAM +AUDIT +SELINUX +IMA +APPARMOR +SMACK +SYSVINIT +UTMP +LIBCRYPTSETUP +GCRYPT +GNUTLS +ACL +XZ +LZ4 +SECCOMP +BLKID +ELFUTILS +KMOD -IDN2 +IDN -PCRE2 default-hierarchy=hybrid)
[    9.405166] systemd[1]: Detected virtualization oracle.
[    9.406453] systemd[1]: Detected architecture x86-64.

Welcome to [1mUbuntu 18.04.5 LTS[0m!

[    9.425455] systemd[1]: Set hostname to <ubuntu-bionic>.
[    9.755714] systemd[1]: Set up automount Arbitrary Executable File Formats File System Automount Point.
[[0;32m  OK  [0m] Set up automount Arbitrary Executab…rmats File System Automount Point.
[    9.759647] systemd[1]: Reached target Swap.
[[0;32m  OK  [0m] Reached target Swap.
[    9.761766] systemd[1]: Reached target User and Group Name Lookups.
[[0;32m  OK  [0m] Reached target User and Group Name Lookups.
[    9.766751] systemd[1]: Created slice User and Session Slice.
[[0;32m  OK  [0m] Created slice User and Session Slice.
[    9.768855] systemd[1]: Started Forward Password Requests to Wall Directory Watch.
[[0;32m  OK  [0m] Started Forward Password Requests to Wall Directory Watch.
[    9.772446] systemd[1]: Reached target System Time Synchronized.
[[0;32m  OK  [0m] Reached target System Time Synchronized.
[[0;32m  OK  [0m] Created slice System Slice.
[[0;32m  OK  [0m] Listening on Journal Socket.
         Starting Uncomplicated firewall...
         Starting Set the console keyboard layout...
         Mounting Kernel Debug File System...
         Starting Create list of required st…ce nodes for the current kernel...
[[0;32m  OK  [0m] Listening on LVM2 metadata daemon socket.
[[0;32m  OK  [0m] Listening on Journal Audit Socket.
         Mounting POSIX Message Queue File System...
[[0;32m  OK  [0m] Listening on Journal Socket (/dev/log).
         Starting Load Kernel Modules...
[[0;32m  OK  [0m] Listening on Device-mapper event daemon FIFOs.
         Starting Monitoring of LVM2 mirrors…ng dmeventd or progress polling...
[[0;32m  OK  [0m] Listening on LVM2 poll daemon socket.
[[0;32m  OK  [0m] Created slice system-serial\x2dgetty.slice.
[[0;32m  OK  [0m] Listening on udev Kernel Socket.
         Mounting Huge Pages File System...
[    9.832938] Loading iSCSI transport class v2.0-870.
[[0;32m  OK  [0m] Listening on /dev/initctl Compatibility Named Pipe.
[[0;32m  OK  [0m] Listening on Syslog Socket.
[[0;32m  OK  [0m] Reached target Slices.
[[0;32m  OK  [0m] Listening on udev Control Socket.
         Starting Remount Root and Kernel File Systems...
         Starting udev Coldplug all Devices...
[    9.847716] iscsi: registered transport (tcp)
[[0;32m  OK  [0m] Listening on Network Service Netlink Socket.
         Starting Journal Service...
[[0;32m  OK  [0m] Started Uncomplicated firewall.
[[0;32m  OK  [0m] Mounted Kernel Debug File System.
[[0;32m  OK  [0m] Started Create list of required sta…vice nodes for the current kernel.
[[0;32m  OK  [0m] Mounted POSIX Message Queue File System.
[[0;32m  OK  [0m] Mounted Huge Pages File System.
[[0;32m  OK  [0m] Started LVM2 metadata daemon.
         Starting Create Static Device Nodes in /dev...
[    9.930838] EXT4-fs (sda1): re-mounted. Opts: (null)
[[0;32m  OK  [0m] Started Remount Root and Kernel File Systems.
         Starting Load/Save Random Seed...
[    9.961734] iscsi: registered transport (iser)
[[0;32m  OK  [0m] Started Load Kernel Modules.
[[0;32m  OK  [0m] Started udev Coldplug all Devices.
[[0;32m  OK  [0m] Started Create Static Device Nodes in /dev.
         Starting udev Kernel Device Manager...
         Starting Apply Kernel Variables...
         Mounting FUSE Control File System...
         Mounting Kernel Configuration File System...
[[0;32m  OK  [0m] Started Set the console keyboard layout.
[[0;32m  OK  [0m] Started Journal Service.
[[0;32m  OK  [0m] Started Load/Save Random Seed.
[[0;32m  OK  [0m] Started Monitoring of LVM2 mirrors,…sing dmeventd or progress polling.
[[0;32m  OK  [0m] Mounted FUSE Control File System.
[[0;32m  OK  [0m] Mounted Kernel Configuration File System.
         Starting Flush Journal to Persistent Storage...
[[0;32m  OK  [0m] Reached target Local File Systems (Pre).
         Mounting /vagrant...
[[0;32m  OK  [0m] Reached target Local File Systems.
         Starting Set console font and keymap...
         Starting Tell Plymouth To Write Out Runtime Data...
         Starting AppArmor initialization...
         Starting ebtables ruleset management...
[[0;32m  OK  [0m] Started udev Kernel Device Manager.
[[0;32m  OK  [0m] Started Dispatch Password Requests to Console Directory Watch.
[[0;32m  OK  [0m] Reached target Local Encrypted Volumes.
[[0;32m  OK  [0m] Started Apply Kernel Variables.
[[0;32m  OK  [0m] Started Set console font and keymap.
[[0;32m  OK  [0m] Started Tell Plymouth To Write Out Runtime Data.
[[0;32m  OK  [0m] Mounted /vagrant.
[[0;32m  OK  [0m] Started Flush Journal to Persistent Storage.
         Starting Create Volatile Files and Directories...
[[0;32m  OK  [0m] Started Create Volatile Files and Directories.
         Starting Update UTMP about System Boot/Shutdown...
[[0;32m  OK  [0m] Started ebtables ruleset management.
[[0;32m  OK  [0m] Started Update UTMP about System Boot/Shutdown.
[[0;32m  OK  [0m] Found device /dev/ttyS0.
[[0;32m  OK  [0m] Started AppArmor initialization.
         Starting Load AppArmor profiles managed internally by snapd...
         Starting Initial cloud-init job (pre-networking)...
[[0;32m  OK  [0m] Started Load AppArmor profiles managed internally by snapd.
[[0;32m  OK  [0m] Listening on Load/Save RF Kill Switch Status /dev/rfkill Watch.
[   12.505021] cloud-init[543]: Cloud-init v. 20.3-2-g371b392c-0ubuntu1~18.04.1 running 'init-local' at Fri, 04 Dec 2020 18:57:23 +0000. Up 12.20 seconds.
[[0;32m  OK  [0m] Started Initial cloud-init job (pre-networking).
[[0;32m  OK  [0m] Reached target Network (Pre).
         Starting Network Service...
[[0;32m  OK  [0m] Started Network Service.
         Starting Wait for Network to be Configured...
         Starting Network Name Resolution...
[[0;32m  OK  [0m] Started Network Name Resolution.
[[0;32m  OK  [0m] Reached target Host and Network Name Lookups.
[[0;32m  OK  [0m] Reached target Network.
[[0;32m  OK  [0m] Started Wait for Network to be Configured.
         Starting Initial cloud-init job (metadata service crawler)...
[   15.039931] cloud-init[674]: Cloud-init v. 20.3-2-g371b392c-0ubuntu1~18.04.1 running 'init' at Fri, 04 Dec 2020 18:57:26 +0000. Up 14.87 seconds.
[   15.043735] cloud-init[674]: ci-info: ++++++++++++++++++++++++++++++++++++++Net device info++++++++++++++++++++++++++++++++++++++
[   15.046148] cloud-init[674]: ci-info: +--------+------+----------------------------+---------------+--------+-------------------+
[   15.048990] cloud-init[674]: ci-info: | Device |  Up  |          Address           |      Mask     | Scope  |     Hw-Address    |
[   15.051900] cloud-init[674]: ci-info: +--------+------+----------------------------+---------------+--------+-------------------+
[   15.054513] cloud-init[674]: ci-info: | enp0s3 | True |         10.0.2.15          | 255.255.255.0 | global | 02:1d:48:b0:d5:b9 |
[   15.057129] cloud-init[674]: ci-info: | enp0s3 | True | fe80::1d:48ff:feb0:d5b9/64 |       .       |  link  | 02:1d:48:b0:d5:b9 |
[   15.059910] cloud-init[674]: ci-info: |   lo   | True |         127.0.0.1          |   255.0.0.0   |  host  |         .         |
[   15.062606] cloud-init[674]: ci-info: |   lo   | True |          ::1/128           |       .       |  host  |         .         |
[   15.065101] cloud-init[674]: ci-info: +--------+------+----------------------------+---------------+--------+-------------------+
[   15.067306] cloud-init[674]: ci-info: ++++++++++++++++++++++++++++Route IPv4 info+++++++++++++++++++++++++++++
[   15.069965] cloud-init[674]: ci-info: +-------+-------------+----------+-----------------+-----------+-------+
[   15.072358] cloud-init[674]: ci-info: | Route | Destination | Gateway  |     Genmask     | Interface | Flags |
[   15.074916] cloud-init[674]: ci-info: +-------+-------------+----------+-----------------+-----------+-------+
[   15.077320] cloud-init[674]: ci-info: |   0   |   0.0.0.0   | 10.0.2.2 |     0.0.0.0     |   enp0s3  |   UG  |
[   15.088518] cloud-init[674]: ci-info: |   1   |   10.0.2.0  | 0.0.0.0  |  255.255.255.0  |   enp0s3  |   U   |
[   15.090558] cloud-init[674]: ci-info: |   2   |   10.0.2.2  | 0.0.0.0  | 255.255.255.255 |   enp0s3  |   UH  |
[   15.093302] cloud-init[674]: ci-info: +-------+-------------+----------+-----------------+-----------+-------+
[   15.095228] cloud-init[674]: ci-info: +++++++++++++++++++Route IPv6 info+++++++++++++++++++
[   15.097250] cloud-init[674]: ci-info: +-------+-------------+---------+-----------+-------+
[   15.099107] cloud-init[674]: ci-info: | Route | Destination | Gateway | Interface | Flags |
[   15.101289] cloud-init[674]: ci-info: +-------+-------------+---------+-----------+-------+
[   15.103571] cloud-init[674]: ci-info: |   1   |  fe80::/64  |    ::   |   enp0s3  |   U   |
[   15.105719] cloud-init[674]: ci-info: |   3   |    local    |    ::   |   enp0s3  |   U   |
[   15.107389] cloud-init[674]: ci-info: |   4   |   ff00::/8  |    ::   |   enp0s3  |   U   |
[   15.109307] cloud-init[674]: ci-info: +-------+-------------+---------+-----------+-------+
[[0;32m  OK  [0m] Started Initial cloud-init job (metadata service crawler).
[[0;32m  OK  [0m] Reached target Cloud-config availability.
[[0;32m  OK  [0m] Reached target System Initialization.
         Starting LXD - unix socket.
[[0;32m  OK  [0m] Listening on UUID daemon activation socket.
[[0;32m  OK  [0m] Started Daily Cleanup of Temporary Directories.
[[0;32m  OK  [0m] Started ACPI Events Check.
[[0;32m  OK  [0m] Listening on ACPID Listen Socket.
[[0;32m  OK  [0m] Started Daily apt upgrade and clean activities.
[[0;32m  OK  [0m] Started Discard unused blocks once a week.
[[0;32m  OK  [0m] Started Message of the Day.
[[0;32m  OK  [0m] Reached target Timers.
[[0;32m  OK  [0m] Listening on D-Bus System Message Bus Socket.
         Starting Socket activation for snappy daemon.
[[0;32m  OK  [0m] Listening on Open-iSCSI iscsid Socket.
[[0;32m  OK  [0m] Reached target Paths.
[[0;32m  OK  [0m] Reached target Network is Online.
         Starting Availability of block devices...
[[0;32m  OK  [0m] Reached target Remote File Systems (Pre).
[[0;32m  OK  [0m] Reached target Remote File Systems.
[[0;32m  OK  [0m] Listening on LXD - unix socket.
[[0;32m  OK  [0m] Listening on Socket activation for snappy daemon.
[[0;32m  OK  [0m] Started Availability of block devices.
[[0;32m  OK  [0m] Reached target Sockets.
[[0;32m  OK  [0m] Reached target Basic System.
[[0;32m  OK  [0m] Started Regular background program processing daemon.
[[0;32m  OK  [0m] Started D-Bus System Message Bus.
         Starting LSB: automatic crash report generation...
[[0;32m  OK  [0m] Started irqbalance daemon.
[[0;32m  OK  [0m] Started FUSE filesystem for LXC.
         Starting Dispatcher daemon for systemd-networkd...
         Starting Daily apt upgrade and clean activities...
         Starting Accounts Service...
         Starting System Logging Service...
         Starting Permit User Sessions...
         Starting OpenBSD Secure Shell server...
[[0;32m  OK  [0m] Started Deferred execution scheduler.
         Starting Login Service...
         Starting Message of the Day...
         Starting LSB: Record successful boot for GRUB...
         Starting Snap Daemon...
         Starting Virtualbox guest utils...
         Starting LXD - container startup/shutdown...
[[0;32m  OK  [0m] Started System Logging Service.
[[0;32m  OK  [0m] Started Permit User Sessions.
[[0;32m  OK  [0m] Started OpenBSD Secure Shell server.
[[0;32m  OK  [0m] Started Login Service.
[[0;32m  OK  [0m] Started Unattended Upgrades Shutdown.
         Starting Authorization Manager...
         Starting Terminate Plymouth Boot Screen...
         Starting Hold until boot process finishes up...
[[0;32m  OK  [0m] Started Hold until boot process finishes up.
[[0;32m  OK  [0m] Started Terminate Plymouth Boot Screen.
[[0;32m  OK  [0m] Started Serial Getty on ttyS0.
         Starting Set console scheme...
[[0;32m  OK  [0m] Started Set console scheme.
[[0;32m  OK  [0m] Created slice system-getty.slice.
[[0;32m  OK  [0m] Started Getty on tty1.
[[0;32m  OK  [0m] Reached target Login Prompts.
[[0;32m  OK  [0m] Started Authorization Manager.
[[0;32m  OK  [0m] Started Accounts Service.
[[0;32m  OK  [0m] Started LSB: automatic crash report generation.
[[0;32m  OK  [0m] Started Dispatcher daemon for systemd-networkd.
[[0;32m  OK  [0m] Started LSB: Record successful boot for GRUB.
[[0;32m  OK  [0m] Started Virtualbox guest utils.
[[0;32m  OK  [0m] Started LXD - container startup/shutdown.
[[0;32m  OK  [0m] Started Snap Daemon.
         Starting Wait until snapd is fully seeded...
[[0;32m  OK  [0m] Started Wait until snapd is fully seeded.
[[0;32m  OK  [0m] Reached target Multi-User System.
[[0;32m  OK  [0m] Reached target Graphical Interface.
         Starting Update UTMP about System Runlevel Changes...
         Starting Apply the settings specified in cloud-config...
[[0;32m  OK  [0m] Started Update UTMP about System Runlevel Changes.
[[0;32m  OK  [0m] Started Message of the Day.
[   17.900329] cloud-init[1129]: Cloud-init v. 20.3-2-g371b392c-0ubuntu1~18.04.1 running 'modules:config' at Fri, 04 Dec 2020 18:57:29 +0000. Up 17.72 seconds.
[[0;32m  OK  [0m] Started Apply the settings specified in cloud-config.
         Starting Execute cloud user/final scripts...
[   18.739195] cloud-init[1202]: Cloud-init v. 20.3-2-g371b392c-0ubuntu1~18.04.1 running 'modules:final' at Fri, 04 Dec 2020 18:57:30 +0000. Up 18.57 seconds.
[   18.743199] cloud-init[1202]: Cloud-init v. 20.3-2-g371b392c-0ubuntu1~18.04.1 finished at Fri, 04 Dec 2020 18:57:30 +0000. Datasource DataSourceNoCloud [seed=/dev/sdb][dsmode=net].  Up 18.72 seconds
[[0;32m  OK  [0m] Started Execute cloud user/final scripts.
[[0;32m  OK  [0m] Reached target Cloud-init target.
[[0;32m  OK  [0m] Created slice User Slice of vagrant.
         Starting User Manager for UID 1000...
[[0;32m  OK  [0m] Started Session 1 of user vagrant.
[[0;32m  OK  [0m] Started User Manager for UID 1000.

Ubuntu 18.04.5 LTS ubuntu-bionic ttyS0

ubuntu-bionic login: 